6c1e621e331b352bd359f15b0cfa5d8f9219fe73 src/exception/AppException.java
0000000000000000000000000000000000000000 abacaba
84a96bae929b7e567d1ce2324d3c6063a07d5386 src/AbstractWalk.java
0000000000000000000000000000000000000000 curva/1235
61a07b732bf21911209a8fd58442a427c28ae6ce ./examples/output/walk_1.out
4c60a78c0bbb16fb10cc8685eaf9e89589b3d209 ./examples/output/recursive_walk_1.out
da39a3ee5e6b4b0d3255bfef95601890afd80709 ./examples/output/recursive_walk_2.out
69b5123417c3047c9daf7534bbf36ef4c4cf140d ./examples/output/walk_2.out
140667da4010300cebb32255c496adf1e0643b49 ./examples/input/1.in
4ea74c5e8e7d10cf9473d733444068fd39722360 ./examples/input/2.in
0f988422aa25d18211d639e2d71f1c552f50c78b ./Walk.jar
e9503f58e3b33b846a003d6bd3e6e452af4097e4 ./.git/objects/pack/pack-794814b119fbb76342e7a018f86a93720be0320e.idx
46af2e3800f10300fc64e101ac6e4209b16f296e ./.git/objects/pack/pack-794814b119fbb76342e7a018f86a93720be0320e.pack
9635f1b7e12c045212819dd934d809ef07efa2f4 ./.git/description
dd24b7ecc7abe42c13b544f8d4c67a703ed525b4 ./.git/info/exclude
5998fe99e861753360821ed3ebe5869487050155 ./.git/FETCH_HEAD
9f1df7eea4156be8a871c292b549b3325e425aa2 ./.git/HEAD
9f2aa636543e528d2a59ed0468332a63b479479c ./.git/hooks/README.sample
7e792669b18e5e5976f2bd14fae91b1036434aeb ./.git/refs/heads/main
7e792669b18e5e5976f2bd14fae91b1036434aeb ./.git/refs/remotes/origin/main
5ae7c22895c35af5f56ba1891a4dd62b4dc1f955 ./.git/refs/remotes/origin/HEAD
d38a5394166d9c0225fd7ca95c7dd9b0fc6a0990 ./.git/logs/HEAD
666071ddfac94659915d0e745e0fbca485a20a6d ./.git/logs/refs/heads/main
666071ddfac94659915d0e745e0fbca485a20a6d ./.git/logs/refs/remotes/origin/main
e27c49f163cbbf85c8fa00bee995afc1271e659a ./.git/index
d573578379ac9a27c481e3855490eec5d6212acd ./.git/config
d0edf71d5479be38e89dea10fd29330135ff03cd ./README.md
f333b6b40f202eb4bd074308cbfbf51b91a72cd4 ./RecursiveWalk.jar
268f42d16eaecdfd3bd4acbbb2c2ca811bd1bb7d ./Makefile
af0b256b7b2913eb3536d207a4b91aac0544e67e ./src/Walk.java
e96f3c25b3f06ff12bfe819917d88c39a99908d9 ./src/RecursiveWalk.java
84a96bae929b7e567d1ce2324d3c6063a07d5386 ./src/AbstractWalk.java
6c1e621e331b352bd359f15b0cfa5d8f9219fe73 ./src/exception/AppException.java
de5c92f4111d6fb30e6033c576ecc6f89c52d038 ./src/exception/PathException.java
8cbc32bda2f1b822d6e6c5ae234455270de4745a ./.idea/misc.xml
befef123d7209564c52dec71f51d260ee76da793 ./.idea/modules.xml
6f94fc1df9e8721673d47588ac444667dc9ded06 ./.idea/vcs.xml
4e3e4bc05de3bccaff8af8bf32f3bd3d19bb15c2 ./.idea/workspace.xml
f407904694bc6b866c2c0c732828ef8478450583 ./.idea/.gitignore
770ed98c6759143fd803a33f32acc62096bdf901 ./build/walk/AbstractWalk.class
cd216fcfe239c296695c0862aef52c099f4a4cb9 ./build/walk/RecursiveWalk$RecursiveVisitor.class
21aeec2af99728c1a7e27bd0c9e0933f3197c3f9 ./build/walk/Walk.class
efff3353e05e2e05b0b5bfdcc9f68ffc3d165a95 ./build/walk/Walk$Visitor.class
c8d5ad2b773adc2ff291235571a1d18e5bcb9f94 ./build/walk/RecursiveWalk.class
b202e63531d2365c40c43f5192956b7668bb08cc ./build/walk/AbstractWalk$AbstractVisitor.class
10030c3a5214d9f052d53a7a2844f94abd32f095 ./build/walk/exception/AppException.class
18c2cc700039891bdbcf2af9ecf506d6f8fc0e1e ./build/walk/exception/PathException.class
ad1305271c932827b4e8000c0e5ccb107432cae6 ./.gitignore
9de4b8439b7dd04beba30c38c7a24645c25785c6 ./file-tree-walker.iml
